2024-10-06 22:20:59,631 tk-legion5pro C:\Program Files\Java\jdk-22\bin\java.exe[2108] DEBUG [com.arj.ats.jta] (Quarkus Main Thread) Setting up node identifiers '[quarkus]' for which recovery will be performed
2024-10-06 22:21:01,528 tk-legion5pro C:\Program Files\Java\jdk-22\bin\java.exe[2108] DEBUG [org.hib.SQL] (JPA Startup Thread) alter table if exists room_timetable drop constraint if exists FKo2h2yq2w2qe2mg7undyte0w
2024-10-06 22:21:01,557 tk-legion5pro C:\Program Files\Java\jdk-22\bin\java.exe[2108] DEBUG [org.hib.SQL] (JPA Startup Thread) alter table if exists room_timetable drop constraint if exists FKse279mrm3e17c5kgt27wtrtsp
2024-10-06 22:21:01,576 tk-legion5pro C:\Program Files\Java\jdk-22\bin\java.exe[2108] DEBUG [org.hib.SQL] (JPA Startup Thread) alter table if exists student_unit drop constraint if exists FK8u63ctf569f8f4o90s3yi9aoc
2024-10-06 22:21:01,598 tk-legion5pro C:\Program Files\Java\jdk-22\bin\java.exe[2108] DEBUG [org.hib.SQL] (JPA Startup Thread) alter table if exists student_unit drop constraint if exists FKoj03qgwuild80oc9167nxhvl1
2024-10-06 22:21:01,618 tk-legion5pro C:\Program Files\Java\jdk-22\bin\java.exe[2108] DEBUG [org.hib.SQL] (JPA Startup Thread) alter table if exists Timetable_daysOfWeek drop constraint if exists FKm4dbo7k4oefxlppcp1j0pn50n
2024-10-06 22:21:01,638 tk-legion5pro C:\Program Files\Java\jdk-22\bin\java.exe[2108] DEBUG [org.hib.SQL] (JPA Startup Thread) alter table if exists Timetable_startTimes drop constraint if exists FKnsqt0crlm9gdvra3ea8o14yag
2024-10-06 22:21:01,658 tk-legion5pro C:\Program Files\Java\jdk-22\bin\java.exe[2108] DEBUG [org.hib.SQL] (JPA Startup Thread) alter table if exists Unit drop constraint if exists FKr72cpbnbfxh03for7x7bafl14
2024-10-06 22:21:01,679 tk-legion5pro C:\Program Files\Java\jdk-22\bin\java.exe[2108] DEBUG [org.hib.SQL] (JPA Startup Thread) alter table if exists unit_timetable drop constraint if exists FKskar9ebnspr28it2ahu89fmg4
2024-10-06 22:21:01,704 tk-legion5pro C:\Program Files\Java\jdk-22\bin\java.exe[2108] DEBUG [org.hib.SQL] (JPA Startup Thread) alter table if exists unit_timetable drop constraint if exists FKauben0hffou0eccfu27lh0jar
2024-10-06 22:21:01,727 tk-legion5pro C:\Program Files\Java\jdk-22\bin\java.exe[2108] DEBUG [org.hib.SQL] (JPA Startup Thread) drop table if exists frontend_user cascade
2024-10-06 22:21:01,751 tk-legion5pro C:\Program Files\Java\jdk-22\bin\java.exe[2108] DEBUG [org.hib.SQL] (JPA Startup Thread) drop table if exists Room cascade
2024-10-06 22:21:01,772 tk-legion5pro C:\Program Files\Java\jdk-22\bin\java.exe[2108] DEBUG [org.hib.SQL] (JPA Startup Thread) drop table if exists room_timetable cascade
2024-10-06 22:21:01,793 tk-legion5pro C:\Program Files\Java\jdk-22\bin\java.exe[2108] DEBUG [org.hib.SQL] (JPA Startup Thread) drop table if exists Student cascade
2024-10-06 22:21:01,814 tk-legion5pro C:\Program Files\Java\jdk-22\bin\java.exe[2108] DEBUG [org.hib.SQL] (JPA Startup Thread) drop table if exists student_unit cascade
2024-10-06 22:21:01,834 tk-legion5pro C:\Program Files\Java\jdk-22\bin\java.exe[2108] DEBUG [org.hib.SQL] (JPA Startup Thread) drop table if exists Timetable cascade
2024-10-06 22:21:01,856 tk-legion5pro C:\Program Files\Java\jdk-22\bin\java.exe[2108] DEBUG [org.hib.SQL] (JPA Startup Thread) drop table if exists Timetable_daysOfWeek cascade
2024-10-06 22:21:01,876 tk-legion5pro C:\Program Files\Java\jdk-22\bin\java.exe[2108] DEBUG [org.hib.SQL] (JPA Startup Thread) drop table if exists Timetable_startTimes cascade
2024-10-06 22:21:01,896 tk-legion5pro C:\Program Files\Java\jdk-22\bin\java.exe[2108] DEBUG [org.hib.SQL] (JPA Startup Thread) drop table if exists Unit cascade
2024-10-06 22:21:01,918 tk-legion5pro C:\Program Files\Java\jdk-22\bin\java.exe[2108] DEBUG [org.hib.SQL] (JPA Startup Thread) drop table if exists unit_timetable cascade
2024-10-06 22:21:01,938 tk-legion5pro C:\Program Files\Java\jdk-22\bin\java.exe[2108] DEBUG [org.hib.SQL] (JPA Startup Thread) drop sequence if exists frontend_user_SEQ
2024-10-06 22:21:01,959 tk-legion5pro C:\Program Files\Java\jdk-22\bin\java.exe[2108] DEBUG [org.hib.SQL] (JPA Startup Thread) drop sequence if exists Room_SEQ
2024-10-06 22:21:01,981 tk-legion5pro C:\Program Files\Java\jdk-22\bin\java.exe[2108] DEBUG [org.hib.SQL] (JPA Startup Thread) drop sequence if exists Student_SEQ
2024-10-06 22:21:02,000 tk-legion5pro C:\Program Files\Java\jdk-22\bin\java.exe[2108] DEBUG [org.hib.SQL] (JPA Startup Thread) drop sequence if exists Timetable_SEQ
2024-10-06 22:21:02,020 tk-legion5pro C:\Program Files\Java\jdk-22\bin\java.exe[2108] DEBUG [org.hib.SQL] (JPA Startup Thread) drop sequence if exists Unit_SEQ
2024-10-06 22:21:02,040 tk-legion5pro C:\Program Files\Java\jdk-22\bin\java.exe[2108] DEBUG [org.hib.SQL] (JPA Startup Thread) create sequence frontend_user_SEQ start with 1 increment by 50
2024-10-06 22:21:02,061 tk-legion5pro C:\Program Files\Java\jdk-22\bin\java.exe[2108] DEBUG [org.hib.SQL] (JPA Startup Thread) create sequence Room_SEQ start with 1 increment by 50
2024-10-06 22:21:02,082 tk-legion5pro C:\Program Files\Java\jdk-22\bin\java.exe[2108] DEBUG [org.hib.SQL] (JPA Startup Thread) create sequence Student_SEQ start with 1 increment by 50
2024-10-06 22:21:02,103 tk-legion5pro C:\Program Files\Java\jdk-22\bin\java.exe[2108] DEBUG [org.hib.SQL] (JPA Startup Thread) create sequence Timetable_SEQ start with 1 increment by 50
2024-10-06 22:21:02,124 tk-legion5pro C:\Program Files\Java\jdk-22\bin\java.exe[2108] DEBUG [org.hib.SQL] (JPA Startup Thread) create sequence Unit_SEQ start with 1 increment by 50
2024-10-06 22:21:02,144 tk-legion5pro C:\Program Files\Java\jdk-22\bin\java.exe[2108] DEBUG [org.hib.SQL] (JPA Startup Thread) create table frontend_user (id bigint not null, password varchar(255), role varchar(255), username varchar(255), primary key (id))
2024-10-06 22:21:02,176 tk-legion5pro C:\Program Files\Java\jdk-22\bin\java.exe[2108] DEBUG [org.hib.SQL] (JPA Startup Thread) create table Room (capacity integer not null, isLab boolean not null, id bigint not null, buildingId varchar(255), campus varchar(255), roomCode varchar(255), primary key (id))
2024-10-06 22:21:02,217 tk-legion5pro C:\Program Files\Java\jdk-22\bin\java.exe[2108] DEBUG [org.hib.SQL] (JPA Startup Thread) create table room_timetable (room_id bigint not null, timetable_id bigint not null)
2024-10-06 22:21:02,277 tk-legion5pro C:\Program Files\Java\jdk-22\bin\java.exe[2108] DEBUG [org.hib.SQL] (JPA Startup Thread) create table Student (id bigint not null, name varchar(255), primary key (id))
2024-10-06 22:21:02,377 tk-legion5pro C:\Program Files\Java\jdk-22\bin\java.exe[2108] DEBUG [org.hib.SQL] (JPA Startup Thread) create table student_unit (student_id bigint not null, unit_id bigint not null)
2024-10-06 22:21:02,399 tk-legion5pro C:\Program Files\Java\jdk-22\bin\java.exe[2108] DEBUG [org.hib.SQL] (JPA Startup Thread) create table Timetable (id bigint not null, campusName varchar(255), score bytea, primary key (id))
2024-10-06 22:21:02,431 tk-legion5pro C:\Program Files\Java\jdk-22\bin\java.exe[2108] DEBUG [org.hib.SQL] (JPA Startup Thread) create table Timetable_daysOfWeek (daysOfWeek smallint check (daysOfWeek between 0 and 6), Timetable_id bigint not null)
2024-10-06 22:21:02,453 tk-legion5pro C:\Program Files\Java\jdk-22\bin\java.exe[2108] DEBUG [org.hib.SQL] (JPA Startup Thread) create table Timetable_startTimes (startTimes time(6), Timetable_id bigint not null)
2024-10-06 22:21:02,474 tk-legion5pro C:\Program Files\Java\jdk-22\bin\java.exe[2108] DEBUG [org.hib.SQL] (JPA Startup Thread) create table Unit (dayOfWeek smallint check (dayOfWeek between 0 and 6), duration numeric(21,0), startTime time(6), studentSize integer not null, unitId integer not null, wantsLab boolean not null, id bigint not null, room_id bigint, course varchar(255), name varchar(255), primary key (id))
2024-10-06 22:21:02,506 tk-legion5pro C:\Program Files\Java\jdk-22\bin\java.exe[2108] DEBUG [org.hib.SQL] (JPA Startup Thread) create table unit_timetable (timetable_id bigint not null, unit_id bigint not null)
2024-10-06 22:21:02,527 tk-legion5pro C:\Program Files\Java\jdk-22\bin\java.exe[2108] DEBUG [org.hib.SQL] (JPA Startup Thread) alter table if exists room_timetable add constraint FKo2h2yq2w2qe2mg7undyte0w foreign key (room_id) references Room
2024-10-06 22:21:02,549 tk-legion5pro C:\Program Files\Java\jdk-22\bin\java.exe[2108] DEBUG [org.hib.SQL] (JPA Startup Thread) alter table if exists room_timetable add constraint FKse279mrm3e17c5kgt27wtrtsp foreign key (timetable_id) references Timetable
2024-10-06 22:21:02,570 tk-legion5pro C:\Program Files\Java\jdk-22\bin\java.exe[2108] DEBUG [org.hib.SQL] (JPA Startup Thread) alter table if exists student_unit add constraint FK8u63ctf569f8f4o90s3yi9aoc foreign key (unit_id) references Unit
2024-10-06 22:21:02,590 tk-legion5pro C:\Program Files\Java\jdk-22\bin\java.exe[2108] DEBUG [org.hib.SQL] (JPA Startup Thread) alter table if exists student_unit add constraint FKoj03qgwuild80oc9167nxhvl1 foreign key (student_id) references Student
2024-10-06 22:21:02,611 tk-legion5pro C:\Program Files\Java\jdk-22\bin\java.exe[2108] DEBUG [org.hib.SQL] (JPA Startup Thread) alter table if exists Timetable_daysOfWeek add constraint FKm4dbo7k4oefxlppcp1j0pn50n foreign key (Timetable_id) references Timetable
2024-10-06 22:21:02,631 tk-legion5pro C:\Program Files\Java\jdk-22\bin\java.exe[2108] DEBUG [org.hib.SQL] (JPA Startup Thread) alter table if exists Timetable_startTimes add constraint FKnsqt0crlm9gdvra3ea8o14yag foreign key (Timetable_id) references Timetable
2024-10-06 22:21:02,653 tk-legion5pro C:\Program Files\Java\jdk-22\bin\java.exe[2108] DEBUG [org.hib.SQL] (JPA Startup Thread) alter table if exists Unit add constraint FKr72cpbnbfxh03for7x7bafl14 foreign key (room_id) references Room
2024-10-06 22:21:02,674 tk-legion5pro C:\Program Files\Java\jdk-22\bin\java.exe[2108] DEBUG [org.hib.SQL] (JPA Startup Thread) alter table if exists unit_timetable add constraint FKskar9ebnspr28it2ahu89fmg4 foreign key (unit_id) references Unit
2024-10-06 22:21:02,695 tk-legion5pro C:\Program Files\Java\jdk-22\bin\java.exe[2108] DEBUG [org.hib.SQL] (JPA Startup Thread) alter table if exists unit_timetable add constraint FKauben0hffou0eccfu27lh0jar foreign key (timetable_id) references Timetable
2024-10-06 22:21:02,725 tk-legion5pro C:\Program Files\Java\jdk-22\bin\java.exe[2108] DEBUG [org.hib.SQL] (Quarkus Main Thread) delete from frontend_user u1_0
2024-10-06 22:21:02,839 tk-legion5pro C:\Program Files\Java\jdk-22\bin\java.exe[2108] DEBUG [org.hib.SQL] (Quarkus Main Thread) select nextval('frontend_user_SEQ')
2024-10-06 22:21:02,858 tk-legion5pro C:\Program Files\Java\jdk-22\bin\java.exe[2108] DEBUG [org.hib.SQL] (Quarkus Main Thread) insert into frontend_user (password,role,username,id) values (?,?,?,?)
2024-10-06 22:21:02,878 tk-legion5pro C:\Program Files\Java\jdk-22\bin\java.exe[2108] DEBUG [org.hib.eng.tra.int.TransactionImpl] (Quarkus Main Thread) On TransactionImpl creation, JpaCompliance#isJpaTransactionComplianceEnabled == false
2024-10-06 22:21:02,898 tk-legion5pro C:\Program Files\Java\jdk-22\bin\java.exe[2108] INFO  [org.hib.eng.int.StatisticalLoggingSessionEventListener] (Quarkus Main Thread) Session Metrics {
    98200 nanoseconds spent acquiring 1 JDBC connections;
    11700 nanoseconds spent releasing 1 JDBC connections;
    249400 nanoseconds spent preparing 3 JDBC statements;
    58674500 nanoseconds spent executing 3 JDBC statements;
    0 nanoseconds spent executing 0 JDBC batches;
    20500 nanoseconds spent performing 3 L2C puts;
    0 nanoseconds spent performing 0 L2C hits;
    0 nanoseconds spent performing 0 L2C misses;
    19748100 nanoseconds spent executing 1 flushes (flushing a total of 1 entities and 0 collections);
    0 nanoseconds spent executing 0 pre-partial-flushes;
    4400 nanoseconds spent executing 1 partial-flushes (flushing a total of 0 entities and 0 collections)
}
2024-10-06 22:21:02,901 tk-legion5pro C:\Program Files\Java\jdk-22\bin\java.exe[2108] INFO  [ai.tim.sol.qua.bea.TimefoldSolverBannerBean] (Quarkus Main Thread) Using Timefold Solver Community Edition v1.13.0.
2024-10-06 22:21:02,903 tk-legion5pro C:\Program Files\Java\jdk-22\bin\java.exe[2108] INFO  [io.quarkus] (Quarkus Main Thread) school-timetabling 1.0-SNAPSHOT on JVM (powered by Quarkus 3.13.2) started in 3.734s. Listening on: http://localhost:8080
2024-10-06 22:21:02,905 tk-legion5pro C:\Program Files\Java\jdk-22\bin\java.exe[2108] INFO  [io.quarkus] (Quarkus Main Thread) Profile dev activated. Live Coding activated.
2024-10-06 22:21:02,907 tk-legion5pro C:\Program Files\Java\jdk-22\bin\java.exe[2108] INFO  [io.quarkus] (Quarkus Main Thread) Installed features: [agroal, cdi, hibernate-orm, hibernate-orm-panache, jdbc-postgresql, narayana-jta, resteasy, resteasy-jackson, security, security-jpa, smallrye-context-propagation, timefold-solver, timefold-solver-jackson, vertx]
2024-10-06 22:21:02,908 tk-legion5pro C:\Program Files\Java\jdk-22\bin\java.exe[2108] INFO  [io.qua.dep.dev.RuntimeUpdatesProcessor] (vert.x-worker-thread-3) Live reload total time: 4.093s 
2024-10-06 22:21:02,914 tk-legion5pro C:\Program Files\Java\jdk-22\bin\java.exe[2108] DEBUG [org.hib.SQL] (vert.x-worker-thread-5) select u1_0.id,u1_0.password,u1_0.role,u1_0.username from frontend_user u1_0 where u1_0.username=?
2024-10-06 22:21:03,034 tk-legion5pro C:\Program Files\Java\jdk-22\bin\java.exe[2108] INFO  [org.hib.eng.int.StatisticalLoggingSessionEventListener] (vert.x-worker-thread-5) Session Metrics {
    47400 nanoseconds spent acquiring 1 JDBC connections;
    21900 nanoseconds spent releasing 1 JDBC connections;
    96800 nanoseconds spent preparing 1 JDBC statements;
    18248600 nanoseconds spent executing 1 JDBC statements;
    0 nanoseconds spent executing 0 JDBC batches;
    0 nanoseconds spent performing 0 L2C puts;
    0 nanoseconds spent performing 0 L2C hits;
    0 nanoseconds spent performing 0 L2C misses;
    0 nanoseconds spent executing 0 flushes (flushing a total of 0 entities and 0 collections);
    0 nanoseconds spent executing 0 pre-partial-flushes;
    0 nanoseconds spent executing 0 partial-flushes (flushing a total of 0 entities and 0 collections)
}
2024-10-06 22:21:03,040 tk-legion5pro C:\Program Files\Java\jdk-22\bin\java.exe[2108] DEBUG [org.hib.SQL] (executor-thread-1) select s1_0.id,s1_0.name from Student s1_0
2024-10-06 22:21:03,068 tk-legion5pro C:\Program Files\Java\jdk-22\bin\java.exe[2108] INFO  [org.hib.eng.int.StatisticalLoggingSessionEventListener] (executor-thread-1) Session Metrics {
    52300 nanoseconds spent acquiring 1 JDBC connections;
    24700 nanoseconds spent releasing 1 JDBC connections;
    93300 nanoseconds spent preparing 1 JDBC statements;
    17619300 nanoseconds spent executing 1 JDBC statements;
    0 nanoseconds spent executing 0 JDBC batches;
    0 nanoseconds spent performing 0 L2C puts;
    0 nanoseconds spent performing 0 L2C hits;
    0 nanoseconds spent performing 0 L2C misses;
    0 nanoseconds spent executing 0 flushes (flushing a total of 0 entities and 0 collections);
    0 nanoseconds spent executing 0 pre-partial-flushes;
    0 nanoseconds spent executing 0 partial-flushes (flushing a total of 0 entities and 0 collections)
}
2024-10-06 22:21:10,979 tk-legion5pro C:\Program Files\Java\jdk-22\bin\java.exe[2108] DEBUG [org.hib.SQL] (vert.x-worker-thread-5) select u1_0.id,u1_0.password,u1_0.role,u1_0.username from frontend_user u1_0 where u1_0.username=?
2024-10-06 22:21:11,085 tk-legion5pro C:\Program Files\Java\jdk-22\bin\java.exe[2108] INFO  [org.hib.eng.int.StatisticalLoggingSessionEventListener] (vert.x-worker-thread-5) Session Metrics {
    30900 nanoseconds spent acquiring 1 JDBC connections;
    22300 nanoseconds spent releasing 1 JDBC connections;
    157800 nanoseconds spent preparing 1 JDBC statements;
    18070900 nanoseconds spent executing 1 JDBC statements;
    0 nanoseconds spent executing 0 JDBC batches;
    0 nanoseconds spent performing 0 L2C puts;
    0 nanoseconds spent performing 0 L2C hits;
    0 nanoseconds spent performing 0 L2C misses;
    0 nanoseconds spent executing 0 flushes (flushing a total of 0 entities and 0 collections);
    0 nanoseconds spent executing 0 pre-partial-flushes;
    0 nanoseconds spent executing 0 partial-flushes (flushing a total of 0 entities and 0 collections)
}
2024-10-06 22:21:11,187 tk-legion5pro C:\Program Files\Java\jdk-22\bin\java.exe[2108] DEBUG [org.hib.SQL] (executor-thread-1) select t1_0.id,t1_0.campusName,t1_0.score from Timetable t1_0
2024-10-06 22:21:11,243 tk-legion5pro C:\Program Files\Java\jdk-22\bin\java.exe[2108] INFO  [ai.tim.sol.cor.imp.sol.DefaultSolver] (pool-14-thread-1) Solving started: time spent (22), best score (-12init/0hard/0soft), environment mode (REPRODUCIBLE), move thread count (NONE), random (JDK with seed 0).
2024-10-06 22:21:11,255 tk-legion5pro C:\Program Files\Java\jdk-22\bin\java.exe[2108] INFO  [ai.tim.sol.cor.imp.sol.DefaultSolver] (pool-14-thread-1) Problem scale: entity count (4), variable count (12), approximate value count (7), approximate problem scale (6,561).
2024-10-06 22:21:11,270 tk-legion5pro C:\Program Files\Java\jdk-22\bin\java.exe[2108] INFO  [ai.tim.sol.cor.imp.con.DefaultConstructionHeuristicPhase] (pool-14-thread-1) Construction Heuristic phase (0) ended: time spent (51), best score (0hard/-1soft), score calculation speed (2769/sec), step total (4).
2024-10-06 22:22:11,219 tk-legion5pro C:\Program Files\Java\jdk-22\bin\java.exe[2108] INFO  [ai.tim.sol.cor.imp.loc.DefaultLocalSearchPhase] (pool-14-thread-1) Local Search phase (1) ended: time spent (60000), best score (0hard/-1soft), score calculation speed (72661/sec), step total (1085229).
2024-10-06 22:22:11,238 tk-legion5pro C:\Program Files\Java\jdk-22\bin\java.exe[2108] INFO  [ai.tim.sol.cor.imp.sol.DefaultSolver] (pool-14-thread-1) Solving ended: time spent (60012), best score (0hard/-1soft), score calculation speed (72582/sec), phase total (2), environment mode (REPRODUCIBLE), move thread count (NONE).
2024-10-06 22:22:11,244 tk-legion5pro C:\Program Files\Java\jdk-22\bin\java.exe[2108] DEBUG [org.hib.SQL] (executor-thread-1) select nextval('Timetable_SEQ')
2024-10-06 22:22:11,300 tk-legion5pro C:\Program Files\Java\jdk-22\bin\java.exe[2108] DEBUG [org.hib.SQL] (executor-thread-1) select nextval('Room_SEQ')
2024-10-06 22:22:11,325 tk-legion5pro C:\Program Files\Java\jdk-22\bin\java.exe[2108] DEBUG [org.hib.SQL] (executor-thread-1) select nextval('Unit_SEQ')
2024-10-06 22:22:11,376 tk-legion5pro C:\Program Files\Java\jdk-22\bin\java.exe[2108] DEBUG [org.hib.SQL] (executor-thread-1) insert into Timetable (campusName,score,id) values (?,?,?)
2024-10-06 22:22:11,399 tk-legion5pro C:\Program Files\Java\jdk-22\bin\java.exe[2108] DEBUG [org.hib.SQL] (executor-thread-1) insert into Room (buildingId,campus,capacity,isLab,roomCode,id) values (?,?,?,?,?,?)
2024-10-06 22:22:11,421 tk-legion5pro C:\Program Files\Java\jdk-22\bin\java.exe[2108] DEBUG [org.hib.SQL] (executor-thread-1) insert into Room (buildingId,campus,capacity,isLab,roomCode,id) values (?,?,?,?,?,?)
2024-10-06 22:22:11,444 tk-legion5pro C:\Program Files\Java\jdk-22\bin\java.exe[2108] DEBUG [org.hib.SQL] (executor-thread-1) insert into Room (buildingId,campus,capacity,isLab,roomCode,id) values (?,?,?,?,?,?)
2024-10-06 22:22:11,465 tk-legion5pro C:\Program Files\Java\jdk-22\bin\java.exe[2108] DEBUG [org.hib.SQL] (executor-thread-1) insert into Unit (course,dayOfWeek,duration,name,room_id,startTime,studentSize,unitId,wantsLab,id) values (?,?,?,?,?,?,?,?,?,?)
2024-10-06 22:22:11,490 tk-legion5pro C:\Program Files\Java\jdk-22\bin\java.exe[2108] DEBUG [org.hib.SQL] (executor-thread-1) insert into Unit (course,dayOfWeek,duration,name,room_id,startTime,studentSize,unitId,wantsLab,id) values (?,?,?,?,?,?,?,?,?,?)
2024-10-06 22:22:11,512 tk-legion5pro C:\Program Files\Java\jdk-22\bin\java.exe[2108] DEBUG [org.hib.SQL] (executor-thread-1) insert into Unit (course,dayOfWeek,duration,name,room_id,startTime,studentSize,unitId,wantsLab,id) values (?,?,?,?,?,?,?,?,?,?)
2024-10-06 22:22:11,533 tk-legion5pro C:\Program Files\Java\jdk-22\bin\java.exe[2108] DEBUG [org.hib.SQL] (executor-thread-1) insert into Unit (course,dayOfWeek,duration,name,room_id,startTime,studentSize,unitId,wantsLab,id) values (?,?,?,?,?,?,?,?,?,?)
2024-10-06 22:22:11,564 tk-legion5pro C:\Program Files\Java\jdk-22\bin\java.exe[2108] DEBUG [org.hib.SQL] (executor-thread-1) insert into Timetable_daysOfWeek (Timetable_id,daysOfWeek) values (?,?)
2024-10-06 22:22:11,585 tk-legion5pro C:\Program Files\Java\jdk-22\bin\java.exe[2108] DEBUG [org.hib.SQL] (executor-thread-1) insert into Timetable_daysOfWeek (Timetable_id,daysOfWeek) values (?,?)
2024-10-06 22:22:11,608 tk-legion5pro C:\Program Files\Java\jdk-22\bin\java.exe[2108] DEBUG [org.hib.SQL] (executor-thread-1) insert into Timetable_daysOfWeek (Timetable_id,daysOfWeek) values (?,?)
2024-10-06 22:22:11,632 tk-legion5pro C:\Program Files\Java\jdk-22\bin\java.exe[2108] DEBUG [org.hib.SQL] (executor-thread-1) insert into room_timetable (timetable_id,room_id) values (?,?)
2024-10-06 22:22:11,657 tk-legion5pro C:\Program Files\Java\jdk-22\bin\java.exe[2108] DEBUG [org.hib.SQL] (executor-thread-1) insert into room_timetable (timetable_id,room_id) values (?,?)
2024-10-06 22:22:11,677 tk-legion5pro C:\Program Files\Java\jdk-22\bin\java.exe[2108] DEBUG [org.hib.SQL] (executor-thread-1) insert into room_timetable (timetable_id,room_id) values (?,?)
2024-10-06 22:22:11,696 tk-legion5pro C:\Program Files\Java\jdk-22\bin\java.exe[2108] DEBUG [org.hib.SQL] (executor-thread-1) insert into Timetable_startTimes (Timetable_id,startTimes) values (?,?)
2024-10-06 22:22:11,718 tk-legion5pro C:\Program Files\Java\jdk-22\bin\java.exe[2108] DEBUG [org.hib.SQL] (executor-thread-1) insert into unit_timetable (timetable_id,unit_id) values (?,?)
2024-10-06 22:22:11,739 tk-legion5pro C:\Program Files\Java\jdk-22\bin\java.exe[2108] DEBUG [org.hib.SQL] (executor-thread-1) insert into unit_timetable (timetable_id,unit_id) values (?,?)
2024-10-06 22:22:11,760 tk-legion5pro C:\Program Files\Java\jdk-22\bin\java.exe[2108] DEBUG [org.hib.SQL] (executor-thread-1) insert into unit_timetable (timetable_id,unit_id) values (?,?)
2024-10-06 22:22:11,781 tk-legion5pro C:\Program Files\Java\jdk-22\bin\java.exe[2108] DEBUG [org.hib.SQL] (executor-thread-1) insert into unit_timetable (timetable_id,unit_id) values (?,?)
2024-10-06 22:22:11,804 tk-legion5pro C:\Program Files\Java\jdk-22\bin\java.exe[2108] DEBUG [org.hib.eng.tra.int.TransactionImpl] (executor-thread-1) On TransactionImpl creation, JpaCompliance#isJpaTransactionComplianceEnabled == false
2024-10-06 22:22:11,830 tk-legion5pro C:\Program Files\Java\jdk-22\bin\java.exe[2108] INFO  [org.hib.eng.int.StatisticalLoggingSessionEventListener] (executor-thread-1) Session Metrics {
    137400 nanoseconds spent acquiring 1 JDBC connections;
    25300 nanoseconds spent releasing 1 JDBC connections;
    2496700 nanoseconds spent preparing 23 JDBC statements;
    435335600 nanoseconds spent executing 23 JDBC statements;
    0 nanoseconds spent executing 0 JDBC batches;
    32300 nanoseconds spent performing 15 L2C puts;
    0 nanoseconds spent performing 0 L2C hits;
    0 nanoseconds spent performing 0 L2C misses;
    437287600 nanoseconds spent executing 1 flushes (flushing a total of 8 entities and 14 collections);
    798539333073801 nanoseconds spent executing 1 pre-partial-flushes;
    2400 nanoseconds spent executing 1 partial-flushes (flushing a total of 0 entities and 0 collections)
}
2024-10-06 22:22:26,009 tk-legion5pro C:\Program Files\Java\jdk-22\bin\java.exe[2108] DEBUG [org.hib.SQL] (vert.x-worker-thread-5) select u1_0.id,u1_0.password,u1_0.role,u1_0.username from frontend_user u1_0 where u1_0.username=?
2024-10-06 22:22:26,158 tk-legion5pro C:\Program Files\Java\jdk-22\bin\java.exe[2108] INFO  [org.hib.eng.int.StatisticalLoggingSessionEventListener] (vert.x-worker-thread-5) Session Metrics {
    35300 nanoseconds spent acquiring 1 JDBC connections;
    32500 nanoseconds spent releasing 1 JDBC connections;
    80300 nanoseconds spent preparing 1 JDBC statements;
    18197100 nanoseconds spent executing 1 JDBC statements;
    0 nanoseconds spent executing 0 JDBC batches;
    0 nanoseconds spent performing 0 L2C puts;
    0 nanoseconds spent performing 0 L2C hits;
    0 nanoseconds spent performing 0 L2C misses;
    0 nanoseconds spent executing 0 flushes (flushing a total of 0 entities and 0 collections);
    0 nanoseconds spent executing 0 pre-partial-flushes;
    0 nanoseconds spent executing 0 partial-flushes (flushing a total of 0 entities and 0 collections)
}
2024-10-06 22:22:26,164 tk-legion5pro C:\Program Files\Java\jdk-22\bin\java.exe[2108] DEBUG [org.hib.SQL] (executor-thread-1) select r1_0.id,r1_0.buildingId,r1_0.campus,r1_0.capacity,r1_0.isLab,r1_0.roomCode from Room r1_0
2024-10-06 22:22:26,204 tk-legion5pro C:\Program Files\Java\jdk-22\bin\java.exe[2108] INFO  [org.hib.eng.int.StatisticalLoggingSessionEventListener] (executor-thread-1) Session Metrics {
    34500 nanoseconds spent acquiring 1 JDBC connections;
    28100 nanoseconds spent releasing 1 JDBC connections;
    109400 nanoseconds spent preparing 1 JDBC statements;
    19623100 nanoseconds spent executing 1 JDBC statements;
    0 nanoseconds spent executing 0 JDBC batches;
    0 nanoseconds spent performing 0 L2C puts;
    0 nanoseconds spent performing 0 L2C hits;
    0 nanoseconds spent performing 0 L2C misses;
    0 nanoseconds spent executing 0 flushes (flushing a total of 0 entities and 0 collections);
    0 nanoseconds spent executing 0 pre-partial-flushes;
    0 nanoseconds spent executing 0 partial-flushes (flushing a total of 0 entities and 0 collections)
}
2024-10-06 22:22:30,201 tk-legion5pro C:\Program Files\Java\jdk-22\bin\java.exe[2108] DEBUG [org.hib.SQL] (vert.x-worker-thread-5) select u1_0.id,u1_0.password,u1_0.role,u1_0.username from frontend_user u1_0 where u1_0.username=?
2024-10-06 22:22:30,355 tk-legion5pro C:\Program Files\Java\jdk-22\bin\java.exe[2108] INFO  [org.hib.eng.int.StatisticalLoggingSessionEventListener] (vert.x-worker-thread-5) Session Metrics {
    32900 nanoseconds spent acquiring 1 JDBC connections;
    34300 nanoseconds spent releasing 1 JDBC connections;
    74000 nanoseconds spent preparing 1 JDBC statements;
    21251600 nanoseconds spent executing 1 JDBC statements;
    0 nanoseconds spent executing 0 JDBC batches;
    0 nanoseconds spent performing 0 L2C puts;
    0 nanoseconds spent performing 0 L2C hits;
    0 nanoseconds spent performing 0 L2C misses;
    0 nanoseconds spent executing 0 flushes (flushing a total of 0 entities and 0 collections);
    0 nanoseconds spent executing 0 pre-partial-flushes;
    0 nanoseconds spent executing 0 partial-flushes (flushing a total of 0 entities and 0 collections)
}
2024-10-06 22:22:30,360 tk-legion5pro C:\Program Files\Java\jdk-22\bin\java.exe[2108] DEBUG [org.hib.SQL] (executor-thread-1) select s1_0.id,s1_0.name from Student s1_0
2024-10-06 22:22:30,381 tk-legion5pro C:\Program Files\Java\jdk-22\bin\java.exe[2108] INFO  [org.hib.eng.int.StatisticalLoggingSessionEventListener] (executor-thread-1) Session Metrics {
    32500 nanoseconds spent acquiring 1 JDBC connections;
    37300 nanoseconds spent releasing 1 JDBC connections;
    123800 nanoseconds spent preparing 1 JDBC statements;
    18710600 nanoseconds spent executing 1 JDBC statements;
    0 nanoseconds spent executing 0 JDBC batches;
    0 nanoseconds spent performing 0 L2C puts;
    0 nanoseconds spent performing 0 L2C hits;
    0 nanoseconds spent performing 0 L2C misses;
    0 nanoseconds spent executing 0 flushes (flushing a total of 0 entities and 0 collections);
    0 nanoseconds spent executing 0 pre-partial-flushes;
    0 nanoseconds spent executing 0 partial-flushes (flushing a total of 0 entities and 0 collections)
}
2024-10-06 22:22:34,740 tk-legion5pro C:\Program Files\Java\jdk-22\bin\java.exe[2108] DEBUG [org.hib.SQL] (vert.x-worker-thread-5) select u1_0.id,u1_0.password,u1_0.role,u1_0.username from frontend_user u1_0 where u1_0.username=?
2024-10-06 22:22:34,885 tk-legion5pro C:\Program Files\Java\jdk-22\bin\java.exe[2108] INFO  [org.hib.eng.int.StatisticalLoggingSessionEventListener] (vert.x-worker-thread-5) Session Metrics {
    29600 nanoseconds spent acquiring 1 JDBC connections;
    30800 nanoseconds spent releasing 1 JDBC connections;
    75300 nanoseconds spent preparing 1 JDBC statements;
    18133500 nanoseconds spent executing 1 JDBC statements;
    0 nanoseconds spent executing 0 JDBC batches;
    0 nanoseconds spent performing 0 L2C puts;
    0 nanoseconds spent performing 0 L2C hits;
    0 nanoseconds spent performing 0 L2C misses;
    0 nanoseconds spent executing 0 flushes (flushing a total of 0 entities and 0 collections);
    0 nanoseconds spent executing 0 pre-partial-flushes;
    0 nanoseconds spent executing 0 partial-flushes (flushing a total of 0 entities and 0 collections)
}
2024-10-06 22:22:34,891 tk-legion5pro C:\Program Files\Java\jdk-22\bin\java.exe[2108] DEBUG [org.hib.SQL] (executor-thread-1) select u1_0.id,u1_0.course,u1_0.dayOfWeek,u1_0.duration,u1_0.name,u1_0.room_id,u1_0.startTime,u1_0.studentSize,u1_0.unitId,u1_0.wantsLab from Unit u1_0
2024-10-06 22:22:34,943 tk-legion5pro C:\Program Files\Java\jdk-22\bin\java.exe[2108] DEBUG [org.hib.SQL] (executor-thread-1) select r1_0.id,r1_0.buildingId,r1_0.campus,r1_0.capacity,r1_0.isLab,r1_0.roomCode from Room r1_0 where r1_0.id = any (?)
2024-10-06 22:22:34,983 tk-legion5pro C:\Program Files\Java\jdk-22\bin\java.exe[2108] INFO  [org.hib.eng.int.StatisticalLoggingSessionEventListener] (executor-thread-1) Session Metrics {
    29100 nanoseconds spent acquiring 1 JDBC connections;
    21800 nanoseconds spent releasing 1 JDBC connections;
    253700 nanoseconds spent preparing 2 JDBC statements;
    39089400 nanoseconds spent executing 2 JDBC statements;
    0 nanoseconds spent executing 0 JDBC batches;
    0 nanoseconds spent performing 0 L2C puts;
    0 nanoseconds spent performing 0 L2C hits;
    0 nanoseconds spent performing 0 L2C misses;
    0 nanoseconds spent executing 0 flushes (flushing a total of 0 entities and 0 collections);
    0 nanoseconds spent executing 0 pre-partial-flushes;
    0 nanoseconds spent executing 0 partial-flushes (flushing a total of 0 entities and 0 collections)
}
2024-10-06 22:22:46,191 tk-legion5pro C:\Program Files\Java\jdk-22\bin\java.exe[2108] DEBUG [org.hib.SQL] (vert.x-worker-thread-5) select u1_0.id,u1_0.password,u1_0.role,u1_0.username from frontend_user u1_0 where u1_0.username=?
2024-10-06 22:22:46,333 tk-legion5pro C:\Program Files\Java\jdk-22\bin\java.exe[2108] INFO  [org.hib.eng.int.StatisticalLoggingSessionEventListener] (vert.x-worker-thread-5) Session Metrics {
    31000 nanoseconds spent acquiring 1 JDBC connections;
    29900 nanoseconds spent releasing 1 JDBC connections;
    64400 nanoseconds spent preparing 1 JDBC statements;
    18525300 nanoseconds spent executing 1 JDBC statements;
    0 nanoseconds spent executing 0 JDBC batches;
    0 nanoseconds spent performing 0 L2C puts;
    0 nanoseconds spent performing 0 L2C hits;
    0 nanoseconds spent performing 0 L2C misses;
    0 nanoseconds spent executing 0 flushes (flushing a total of 0 entities and 0 collections);
    0 nanoseconds spent executing 0 pre-partial-flushes;
    0 nanoseconds spent executing 0 partial-flushes (flushing a total of 0 entities and 0 collections)
}
2024-10-06 22:22:46,338 tk-legion5pro C:\Program Files\Java\jdk-22\bin\java.exe[2108] DEBUG [org.hib.SQL] (executor-thread-1) select t1_0.id,t1_0.campusName,t1_0.score from Timetable t1_0
2024-10-06 22:22:46,368 tk-legion5pro C:\Program Files\Java\jdk-22\bin\java.exe[2108] DEBUG [org.hib.SQL] (executor-thread-1) select dow1_0.Timetable_id,dow1_0.daysOfWeek from Timetable_daysOfWeek dow1_0 where dow1_0.Timetable_id = any (?)
2024-10-06 22:22:46,395 tk-legion5pro C:\Program Files\Java\jdk-22\bin\java.exe[2108] DEBUG [org.hib.SQL] (executor-thread-1) select st1_0.Timetable_id,st1_0.startTimes from Timetable_startTimes st1_0 where st1_0.Timetable_id = any (?)
2024-10-06 22:22:46,420 tk-legion5pro C:\Program Files\Java\jdk-22\bin\java.exe[2108] DEBUG [org.hib.SQL] (executor-thread-1) select u1_0.timetable_id,u1_1.id,u1_1.course,u1_1.dayOfWeek,u1_1.duration,u1_1.name,r1_0.id,r1_0.buildingId,r1_0.campus,r1_0.capacity,r1_0.isLab,r1_0.roomCode,u1_1.startTime,u1_1.studentSize,u1_1.unitId,u1_1.wantsLab from unit_timetable u1_0 join Unit u1_1 on u1_1.id=u1_0.unit_id left join Room r1_0 on r1_0.id=u1_1.room_id where u1_0.timetable_id = any (?)
2024-10-06 22:22:46,462 tk-legion5pro C:\Program Files\Java\jdk-22\bin\java.exe[2108] INFO  [org.hib.eng.int.StatisticalLoggingSessionEventListener] (vert.x-eventloop-thread-0) Session Metrics {
    112600 nanoseconds spent acquiring 4 JDBC connections;
    90300 nanoseconds spent releasing 4 JDBC connections;
    467000 nanoseconds spent preparing 4 JDBC statements;
    80689200 nanoseconds spent executing 4 JDBC statements;
    0 nanoseconds spent executing 0 JDBC batches;
    0 nanoseconds spent performing 0 L2C puts;
    0 nanoseconds spent performing 0 L2C hits;
    0 nanoseconds spent performing 0 L2C misses;
    0 nanoseconds spent executing 0 flushes (flushing a total of 0 entities and 0 collections);
    0 nanoseconds spent executing 0 pre-partial-flushes;
    0 nanoseconds spent executing 0 partial-flushes (flushing a total of 0 entities and 0 collections)
}
2024-10-06 22:23:07,040 tk-legion5pro C:\Program Files\Java\jdk-22\bin\java.exe[2108] WARNING [org.aes.rea.ter.imp.AbstractWindowsTerminal] (Console Shutdown Hook) Failed to write out.
2024-10-06 22:23:07,261 tk-legion5pro C:\Program Files\Java\jdk-22\bin\java.exe[2108] WARNING [org.aes.rea.ter.imp.AbstractWindowsTerminal] (Quarkus Main Thread) Failed to write out.
2024-10-06 22:23:07,261 tk-legion5pro C:\Program Files\Java\jdk-22\bin\java.exe[2108] DEBUG [org.hib.SQL] (Quarkus Main Thread) alter table if exists room_timetable drop constraint if exists FKo2h2yq2w2qe2mg7undyte0w
2024-10-06 22:23:07,264 tk-legion5pro C:\Program Files\Java\jdk-22\bin\java.exe[2108] WARNING [org.aes.rea.ter.imp.AbstractWindowsTerminal] (Quarkus Main Thread) Failed to write out.
2024-10-06 22:23:07,263 tk-legion5pro C:\Program Files\Java\jdk-22\bin\java.exe[2108] WARN  [org.hib.eng.jdb.spi.SqlExceptionHelper] (Quarkus Main Thread) SQL Error: 0, SQLState: null
2024-10-06 22:23:07,265 tk-legion5pro C:\Program Files\Java\jdk-22\bin\java.exe[2108] WARNING [org.aes.rea.ter.imp.AbstractWindowsTerminal] (Quarkus Main Thread) Failed to write out.
2024-10-06 22:23:07,264 tk-legion5pro C:\Program Files\Java\jdk-22\bin\java.exe[2108] ERROR [org.hib.eng.jdb.spi.SqlExceptionHelper] (Quarkus Main Thread) This pool is closed and does not handle any more connections! [Error Occurred After Shutdown]
2024-10-06 22:23:07,268 tk-legion5pro C:\Program Files\Java\jdk-22\bin\java.exe[2108] WARNING [org.aes.rea.ter.imp.AbstractWindowsTerminal] (Quarkus Main Thread) Failed to write out.
2024-10-06 22:23:07,266 tk-legion5pro C:\Program Files\Java\jdk-22\bin\java.exe[2108] WARN  [io.qua.hib.orm.run.JPAConfig] (Quarkus Main Thread) Unable to close the EntityManagerFactory: io.quarkus.hibernate.orm.runtime.JPAConfig$LazyPersistenceUnit@5aeff624: org.hibernate.exception.GenericJDBCException: Unable to open JDBC Connection for DDL execution [This pool is closed and does not handle any more connections!] [n/a]
	at org.hibernate.exception.internal.StandardSQLExceptionConverter.convert(StandardSQLExceptionConverter.java:63)
	at org.hibernate.engine.jdbc.spi.SqlExceptionHelper.convert(SqlExceptionHelper.java:108)
	at org.hibernate.engine.jdbc.spi.SqlExceptionHelper.convert(SqlExceptionHelper.java:94)
	at org.hibernate.resource.transaction.backend.jta.internal.DdlTransactionIsolatorJtaImpl.getIsolatedConnection(DdlTransactionIsolatorJtaImpl.java:77)
	at org.hibernate.tool.schema.internal.exec.GenerationTargetToDatabase.getIsolatedConnection(GenerationTargetToDatabase.java:60)
	at org.hibernate.tool.schema.internal.exec.GenerationTargetToDatabase.jdbcStatement(GenerationTargetToDatabase.java:112)
	at org.hibernate.tool.schema.internal.exec.GenerationTargetToDatabase.accept(GenerationTargetToDatabase.java:79)
	at org.hibernate.tool.schema.internal.SchemaDropperImpl$DelayedDropActionImpl.perform(SchemaDropperImpl.java:625)
	at io.quarkus.hibernate.orm.runtime.observers.SessionFactoryObserverForSchemaExport.sessionFactoryClosing(SessionFactoryObserverForSchemaExport.java:31)
	at org.hibernate.internal.SessionFactoryObserverChain.sessionFactoryClosing(SessionFactoryObserverChain.java:48)
	at org.hibernate.internal.SessionFactoryImpl.close(SessionFactoryImpl.java:922)
	at io.quarkus.hibernate.orm.runtime.JPAConfig$LazyPersistenceUnit.close(JPAConfig.java:166)
	at io.quarkus.hibernate.orm.runtime.JPAConfig$Destroyer.destroy(JPAConfig.java:128)
	at io.quarkus.hibernate.orm.runtime.JPAConfig$Destroyer.destroy(JPAConfig.java:123)
	at io.quarkus.hibernate.orm.runtime.JPAConfig_tEQAB5gn18rlWMOQ2NlMrb1xFJg_Synthetic_Bean.doDestroy(Unknown Source)
	at io.quarkus.hibernate.orm.runtime.JPAConfig_tEQAB5gn18rlWMOQ2NlMrb1xFJg_Synthetic_Bean.destroy(Unknown Source)
	at io.quarkus.hibernate.orm.runtime.JPAConfig_tEQAB5gn18rlWMOQ2NlMrb1xFJg_Synthetic_Bean.destroy(Unknown Source)
	at io.quarkus.arc.impl.AbstractInstanceHandle.destroyInternal(AbstractInstanceHandle.java:78)
	at io.quarkus.arc.impl.ContextInstanceHandleImpl.destroy(ContextInstanceHandleImpl.java:26)
	at io.quarkus.arc.impl.AbstractSharedContext.destroy(AbstractSharedContext.java:102)
	at io.quarkus.arc.impl.ArcContainerImpl.shutdown(ArcContainerImpl.java:465)
	at io.quarkus.arc.Arc.shutdown(Arc.java:65)
	at io.quarkus.arc.runtime.ArcRecorder$1.run(ArcRecorder.java:53)
	at io.quarkus.runtime.StartupContext.runAllAndClear(StartupContext.java:79)
	at io.quarkus.runtime.StartupContext.close(StartupContext.java:70)
	at io.quarkus.runner.ApplicationImpl.doStop(Unknown Source)
	at io.quarkus.runtime.Application.stop(Application.java:208)
	at io.quarkus.runtime.Application.stop(Application.java:155)
	at io.quarkus.runtime.ApplicationLifecycleManager.run(ApplicationLifecycleManager.java:235)
	at io.quarkus.runtime.Quarkus.run(Quarkus.java:71)
	at io.quarkus.runtime.Quarkus.run(Quarkus.java:44)
	at io.quarkus.runtime.Quarkus.run(Quarkus.java:124)
	at io.quarkus.runner.GeneratedMain.main(Unknown Source)
	at java.base/jdk.internal.reflect.DirectMethodHandleAccessor.invoke(DirectMethodHandleAccessor.java:103)
	at java.base/java.lang.reflect.Method.invoke(Method.java:580)
	at io.quarkus.runner.bootstrap.StartupActionImpl$1.run(StartupActionImpl.java:116)
	at java.base/java.lang.Thread.run(Thread.java:1570)
Caused by: java.sql.SQLException: This pool is closed and does not handle any more connections!
	at io.agroal.pool.ConnectionPool.beforeAcquire(ConnectionPool.java:247)
	at io.agroal.pool.ConnectionPool.getConnection(ConnectionPool.java:273)
	at io.agroal.pool.DataSource.getConnection(DataSource.java:86)
	at io.quarkus.hibernate.orm.runtime.customized.QuarkusConnectionProvider.getConnection(QuarkusConnectionProvider.java:23)
	at org.hibernate.engine.jdbc.env.internal.JdbcEnvironmentInitiator$ConnectionProviderJdbcConnectionAccess.obtainConnection(JdbcEnvironmentInitiator.java:437)
	at org.hibernate.resource.transaction.backend.jta.internal.DdlTransactionIsolatorJtaImpl.getIsolatedConnection(DdlTransactionIsolatorJtaImpl.java:74)
	... 33 more

2024-10-06 22:23:07,270 tk-legion5pro C:\Program Files\Java\jdk-22\bin\java.exe[2108] WARNING [org.aes.rea.ter.imp.AbstractWindowsTerminal] (Quarkus Main Thread) Failed to write out.
2024-10-06 22:23:07,270 tk-legion5pro C:\Program Files\Java\jdk-22\bin\java.exe[2108] INFO  [io.quarkus] (Quarkus Main Thread) school-timetabling stopped in 0.230s
